***  Installation Started 03/04/2018 0:09  ***
Title: PC-lint for C/C++ Installation
Source: C:\google_drive\Materijal za vezbe\autoelektronika\misra c\PC-LINT_V9.0\pclint9setup.exe
Made Dir: C:\lint
File Copy: C:\lint\UNWISE.EXE
RegDB Key: Software\Microsoft\Windows\CurrentVersion\Uninstall\PC-lint for C/C++
RegDB Val: PC-lint for C/C++
RegDB Name: DisplayName
RegDB Root: 2
RegDB Key: Software\Microsoft\Windows\CurrentVersion\Uninstall\PC-lint for C/C++
RegDB Val: C:\lint\UNWISE.EXE C:\lint\INSTALL.LOG
RegDB Name: UninstallString
RegDB Root: 2
File Copy: C:\lint\\choose.exe
File Copy: C:\lint\\choose16.exe
File Copy: C:\lint\\lint-nt.exe
File Copy: C:\lint\\msg.txt
File Copy: C:\lint\\PC-lint.pdf
File Copy: C:\lint\\pr.exe
File Copy: C:\lint\\readme.txt
Made Dir: C:\lint\lnt
File Copy: C:\lint\lnt\au-ds.lnt
File Copy: C:\lint\lnt\au-misra-cpp.lnt
File Copy: C:\lint\lnt\au-misra1.lnt
File Copy: C:\lint\lnt\au-misra2.lnt
File Copy: C:\lint\lnt\au-sm.lnt
File Copy: C:\lint\lnt\au-sm12.lnt
File Copy: C:\lint\lnt\au-sm123.lnt
File Copy: C:\lint\lnt\au-sm3.lnt
File Copy: C:\lint\lnt\co-arch.lnt
File Copy: C:\lint\lnt\co-aztec.lnt
File Copy: C:\lint\lnt\co-bc.lnt
File Copy: C:\lint\lnt\co-bc4.lnt
File Copy: C:\lint\lnt\co-bc4wi.lnt
File Copy: C:\lint\lnt\co-bc5.h
File Copy: C:\lint\lnt\co-bc5.lnt
File Copy: C:\lint\lnt\co-bcos2.lnt
File Copy: C:\lint\lnt\co-bcwin.lnt
File Copy: C:\lint\lnt\co-bs166.lnt
File Copy: C:\lint\lnt\co-byte.h
File Copy: C:\lint\lnt\co-byte.lnt
File Copy: C:\lint\lnt\co-c86.lnt
File Copy: C:\lint\lnt\co-c86p.lnt
File Copy: C:\lint\lnt\co-cb.lnt
File Copy: C:\lint\lnt\co-cc386.lnt
File Copy: C:\lint\lnt\co-cc86.lnt
File Copy: C:\lint\lnt\co-cosm.h
File Copy: C:\lint\lnt\co-cosm.lnt
File Copy: C:\lint\lnt\co-desm.lnt
File Copy: C:\lint\lnt\co-diab.lnt
File Copy: C:\lint\lnt\co-dl.lnt
File Copy: C:\lint\lnt\co-ec.lnt
File Copy: C:\lint\lnt\co-frank.lnt
File Copy: C:\lint\lnt\co-gcc.h
File Copy: C:\lint\lnt\co-gcc.lnt
File Copy: C:\lint\lnt\co-gnu.lnt
File Copy: C:\lint\lnt\co-gnu3.lnt
File Copy: C:\lint\lnt\co-hc.lnt
File Copy: C:\lint\lnt\co-hp.lnt
File Copy: C:\lint\lnt\co-hpacc.lnt
File Copy: C:\lint\lnt\co-ht.lnt
File Copy: C:\lint\lnt\co-iar.lnt
File Copy: C:\lint\lnt\co-iar78.lnt
File Copy: C:\lint\lnt\co-iar80.lnt
File Copy: C:\lint\lnt\co-ibm32.lnt
File Copy: C:\lint\lnt\co-ibmc2.lnt
File Copy: C:\lint\lnt\co-icb.lnt
File Copy: C:\lint\lnt\co-in.lnt
File Copy: C:\lint\lnt\co-in386.lnt
File Copy: C:\lint\lnt\co-in96.lnt
File Copy: C:\lint\lnt\co-kc166.lnt
File Copy: C:\lint\lnt\co-kc166xc.lnt
File Copy: C:\lint\lnt\co-kc251.lnt
File Copy: C:\lint\lnt\co-kc51.lnt
File Copy: C:\lint\lnt\co-kcarm.lnt
File Copy: C:\lint\lnt\co-lc2.lnt
File Copy: C:\lint\lnt\co-lc3.lnt
File Copy: C:\lint\lnt\co-lc33.lnt
File Copy: C:\lint\lnt\co-lc6.lnt
File Copy: C:\lint\lnt\co-mc.h
File Copy: C:\lint\lnt\co-mc386.lnt
File Copy: C:\lint\lnt\co-mc86.lnt
File Copy: C:\lint\lnt\co-msc.lnt
File Copy: C:\lint\lnt\co-msc20.lnt
File Copy: C:\lint\lnt\co-msc40.lnt
File Copy: C:\lint\lnt\co-msc50.lnt
File Copy: C:\lint\lnt\co-msc60.lnt
File Copy: C:\lint\lnt\co-msc70.lnt
File Copy: C:\lint\lnt\co-msc71.lnt
File Copy: C:\lint\lnt\co-msc80.h
File Copy: C:\lint\lnt\co-msc80.lnt
File Copy: C:\lint\lnt\co-msc90.h
File Copy: C:\lint\lnt\co-msc90.lnt
File Copy: C:\lint\lnt\co-mswin.lnt
File Copy: C:\lint\lnt\co-mwc.lnt
File Copy: C:\lint\lnt\co-mwe_base.lnt
File Copy: C:\lint\lnt\co-mwhc08.lnt
File Copy: C:\lint\lnt\co-mwhc11.lnt
File Copy: C:\lint\lnt\co-mwhc12.lnt
File Copy: C:\lint\lnt\co-mwhc16.lnt
File Copy: C:\lint\lnt\co-mwppc.lnt
File Copy: C:\lint\lnt\co-mwwin32.lnt
File Copy: C:\lint\lnt\co-pic18.lnt
File Copy: C:\lint\lnt\co-pic30.lnt
File Copy: C:\lint\lnt\co-pic32.lnt
File Copy: C:\lint\lnt\co-powrc.lnt
File Copy: C:\lint\lnt\co-qc88.lnt
File Copy: C:\lint\lnt\co-sc.lnt
File Copy: C:\lint\lnt\co-sc7.lnt
File Copy: C:\lint\lnt\co-sun.lnt
File Copy: C:\lint\lnt\co-sun5.lnt
File Copy: C:\lint\lnt\co-sun6.lnt
File Copy: C:\lint\lnt\co-tc.lnt
File Copy: C:\lint\lnt\co-tcwin.lnt
File Copy: C:\lint\lnt\co-ti320.lnt
File Copy: C:\lint\lnt\co-tiger.lnt
File Copy: C:\lint\lnt\co-tor.lnt
File Copy: C:\lint\lnt\co-tsc.lnt
File Copy: C:\lint\lnt\co-unix.lnt
File Copy: C:\lint\lnt\co-vage.h
File Copy: C:\lint\lnt\co-vage.lnt
File Copy: C:\lint\lnt\co-wc16.lnt
File Copy: C:\lint\lnt\co-wc32.lnt
File Copy: C:\lint\lnt\co-wcos2.lnt
File Copy: C:\lint\lnt\co-wh.lnt
File Copy: C:\lint\lnt\co-ztc.lnt
File Copy: C:\lint\lnt\co.lnt
File Copy: C:\lint\lnt\env-bc5.lnt
File Copy: C:\lint\lnt\env-bwin.lnt
File Copy: C:\lint\lnt\env-cb.lnt
File Copy: C:\lint\lnt\env-cw.lnt
File Copy: C:\lint\lnt\env-cw6.lnt
File Copy: C:\lint\lnt\env-cw7.lnt
File Copy: C:\lint\lnt\env-ecl-console.lnt
File Copy: C:\lint\lnt\env-html.js
File Copy: C:\lint\lnt\env-html.lnt
File Copy: C:\lint\lnt\env-keil.lnt
File Copy: C:\lint\lnt\env-mew.lnt
File Copy: C:\lint\lnt\env-mw.lnt
File Copy: C:\lint\lnt\env-om.lnt
File Copy: C:\lint\lnt\env-pwb.lnt
File Copy: C:\lint\lnt\env-si.lnt
File Copy: C:\lint\lnt\env-sl3.lnt
File Copy: C:\lint\lnt\env-sled.lnt
File Copy: C:\lint\lnt\env-tide.lnt
File Copy: C:\lint\lnt\env-und.lnt
File Copy: C:\lint\lnt\env-vc.lnt
File Copy: C:\lint\lnt\env-vc2.lnt
File Copy: C:\lint\lnt\env-vc4.lnt
File Copy: C:\lint\lnt\env-vc5.lnt
File Copy: C:\lint\lnt\env-vc6.lnt
File Copy: C:\lint\lnt\env-vc7.lnt
File Copy: C:\lint\lnt\env-vc8.lnt
File Copy: C:\lint\lnt\env-vc9.lnt
File Copy: C:\lint\lnt\env-vim.lnt
File Copy: C:\lint\lnt\env-xml.lnt
File Copy: C:\lint\lnt\gcc-readme.txt
File Copy: C:\lint\lnt\lib-atl.lnt
File Copy: C:\lint\lnt\lib-bcl.h
File Copy: C:\lint\lnt\lib-bcl.lnt
File Copy: C:\lint\lnt\lib-bcl5.lnt
File Copy: C:\lint\lnt\lib-corb.lnt
File Copy: C:\lint\lnt\lib-gtk.lnt
File Copy: C:\lint\lnt\lib-in.h
File Copy: C:\lint\lnt\lib-mfc.lnt
File Copy: C:\lint\lnt\lib-nstd.lnt
File Copy: C:\lint\lnt\lib-oinv.lnt
File Copy: C:\lint\lnt\lib-ole.lnt
File Copy: C:\lint\lnt\lib-owl.lnt
File Copy: C:\lint\lnt\lib-owl5.lnt
File Copy: C:\lint\lnt\lib-rw.h
File Copy: C:\lint\lnt\lib-rw.lnt
File Copy: C:\lint\lnt\lib-stingray-grid.lnt
File Copy: C:\lint\lnt\lib-stingray-toolkit.lnt
File Copy: C:\lint\lnt\lib-stl.lnt
File Copy: C:\lint\lnt\lib-tv.lnt
File Copy: C:\lint\lnt\lib-vxw.lnt
File Copy: C:\lint\lnt\lib-w32.lnt
File Copy: C:\lint\lnt\lib-win.lnt
File Copy: C:\lint\lnt\lib-wnt.lnt
File Copy: C:\lint\lnt\lib-zapp.lnt
File Copy: C:\lint\lnt\lib-zinc.lnt
File Copy: C:\lint\lnt\lint2msg.c
File Copy: C:\lint\lnt\lint2msg.exe
File Copy: C:\lint\lnt\sl-c86.c
File Copy: C:\lint\lnt\sl-desm.c
File Copy: C:\lint\lnt\sl-lc2.c
File Copy: C:\lint\lnt\sl-mwc.c
File Copy: C:\lint\lnt\sl-qc88.c
File Copy: C:\lint\lnt\sl.c
Made Dir: C:\lint\test
File Copy: C:\lint\test\filea.cpp
File Copy: C:\lint\test\fileb.cpp
File Copy: C:\lint\test\module1.cpp
File Copy: C:\lint\test\module2.c
File Copy: C:\lint\test\module3.cpp
File Copy: C:\lint\test\module4.cpp
File Copy: C:\lint\test\test.h
File Copy: C:\lint\test\test1.lnt
File Copy: C:\lint\test\test1.out
File Copy: C:\lint\test\test2.lnt
File Copy: C:\lint\test\test2.out
File Copy: C:\lint\CONFIG.exe
Made Dir: C:\Users\kucni\AppData\Roaming\Microsoft\Windows\Start Menu\Programs\PC-lint
Shell Link: C:\Users\kucni\AppData\Roaming\Microsoft\Windows\Start Menu\Programs\PC-lint\PC-lint CONFIG.lnk
Shell Link: C:\Users\kucni\AppData\Roaming\Microsoft\Windows\Start Menu\Programs\PC-lint\PC-lint Manual.lnk
RegDB Key: Software\PC-lint
RegDB Val: C:\lint
RegDB Name: Installed9
RegDB Root: 1
RegDB Key: Software\PC-lint\CONFIG\Version 9.0
RegDB Val: C:\lint
RegDB Name: D
RegDB Root: 1
User Rights: Admin
